2018-02-26T07:05:00.640Z - normal: Load ~/.CocosCreator/settings.json
2018-02-26T07:05:00.643Z - normal: checking language setting...
2018-02-26T07:05:00.644Z - normal: Language: zh
2018-02-26T07:05:02.169Z - success: protocol editor-framework registered
2018-02-26T07:05:02.169Z - success: protocol app registered
2018-02-26T07:05:02.169Z - success: protocol theme registered
2018-02-26T07:05:02.169Z - success: protocol packages registered
2018-02-26T07:05:02.169Z - success: protocol unpack registerred
2018-02-26T07:05:02.169Z - success: protocol disable-commonjs registerred
2018-02-26T07:05:02.460Z - normal: connected!
2018-02-26T07:05:02.461Z - normal: Check project D:\yunpan\web\cocos2d\creator\BasketBall
2018-02-26T07:05:02.463Z - normal: Initializing Cocos2d
2018-02-26T07:05:02.643Z - normal: Initializing Asset Database
2018-02-26T07:05:02.665Z - success: protocol uuid registerred
2018-02-26T07:05:02.665Z - success: protocol db registerred
2018-02-26T07:05:02.665Z - success: protocol thumbnail registerred
2018-02-26T07:05:02.665Z - normal: Loading editor/builtin packages
2018-02-26T07:05:02.678Z - success: anysdk loaded
2018-02-26T07:05:02.756Z - success: assets loaded
2018-02-26T07:05:02.757Z - success: builder loaded
2018-02-26T07:05:02.758Z - success: cocos-analytics loaded
2018-02-26T07:05:02.760Z - success: console loaded
2018-02-26T07:05:02.762Z - success: hierarchy loaded
2018-02-26T07:05:02.764Z - success: inspector loaded
2018-02-26T07:05:02.765Z - success: keystore loaded
2018-02-26T07:05:02.766Z - success: node-library loaded
2018-02-26T07:05:02.767Z - success: package-asset loaded
2018-02-26T07:05:02.768Z - success: preferences loaded
2018-02-26T07:05:02.769Z - success: project-exporter loaded
2018-02-26T07:05:02.780Z - success: project-importer loaded
2018-02-26T07:05:02.781Z - success: project-settings loaded
2018-02-26T07:05:02.783Z - success: ui-kit loaded
2018-02-26T07:05:02.784Z - success: ui-grid loaded
2018-02-26T07:05:02.786Z - success: scene loaded
2018-02-26T07:05:02.787Z - success: sprite-editor loaded
2018-02-26T07:05:02.789Z - success: store loaded
2018-02-26T07:05:02.791Z - success: timeline loaded
2018-02-26T07:05:02.791Z - normal: Loading builtin packages
2018-02-26T07:05:02.792Z - success: asset-db-debugger loaded
2018-02-26T07:05:02.793Z - success: code-editor loaded
2018-02-26T07:05:02.793Z - success: color-picker loaded
2018-02-26T07:05:02.795Z - success: package-manager loaded
2018-02-26T07:05:02.797Z - success: sdkbox loaded
2018-02-26T07:05:02.799Z - success: tester loaded
2018-02-26T07:05:02.800Z - success: ui-kit-preview-extra loaded
2018-02-26T07:05:02.801Z - success: ui-kit-preview loaded
2018-02-26T07:05:02.802Z - success: ui-tree loaded
2018-02-26T07:05:03.527Z - normal: Initializing project D:\yunpan\web\cocos2d\creator\BasketBall
2018-02-26T07:05:03.535Z - normal: Loading packages
2018-02-26T07:05:03.539Z - normal: Watching packages
2018-02-26T07:05:03.547Z - normal: Run Application
2018-02-26T07:05:05.055Z - success: preview server running at http://localhost:7456
2018-02-26T07:05:08.005Z - normal: 1.8.0
2018-02-26T07:05:08.019Z - normal: WebGL error 1282
2018-02-26T07:28:30.218Z - normal: Start building with options : {
  "androidStudio": true,
  "apiLevel": "",
  "appABIs": [],
  "appKey": "",
  "appSecret": "",
  "buildPath": "D:\\yunpan\\web\\cocos2d\\creator\\BasketBall\\build",
  "debug": false,
  "dest": "D:\\yunpan\\web\\cocos2d\\creator\\BasketBall\\build\\web-mobile",
  "encryptJs": true,
  "excludeScenes": [],
  "excludedModules": [],
  "includeAnySDK": false,
  "includeEruda": false,
  "includeSDKBox": false,
  "inlineSpriteFrames": true,
  "inlineSpriteFrames_native": true,
  "jailbreakPlatform": false,
  "md5Cache": false,
  "mergeStartScene": false,
  "oauthLoginServer": "",
  "optimizeHotUpdate": false,
  "orientation": {
    "landscapeLeft": true,
    "landscapeRight": true,
    "portrait": false,
    "upsideDown": false
  },
  "packageName": "org.cocos2d.BasketBall",
  "platform": "web-mobile",
  "previewHeight": "720",
  "previewWidth": "1280",
  "privateKey": "",
  "renderMode": "0",
  "scenes": [
    "757c858c-85bf-4500-ae11-0bb5bf5627a9",
    "bbb8e11b-4e63-45cb-bee5-9f41d96a1271",
    "5e1b4e41-b781-4d15-a42e-d54388230277"
  ],
  "sourceMaps": false,
  "startScene": "757c858c-85bf-4500-ae11-0bb5bf5627a9",
  "template": "link",
  "title": "BasketBall",
  "useDebugKeystore": true,
  "vsVersion": "auto",
  "webOrientation": "landscape",
  "wechatgame": {
    "appid": "",
    "orientation": "portrait"
  },
  "xxteaKey": "776e4cba-6e14-48",
  "project": "D:\\yunpan\\web\\cocos2d\\creator\\BasketBall",
  "projectName": "BasketBall",
  "debugBuildWorker": false
}
2018-02-26T07:28:30.220Z - normal: Building D:\yunpan\web\cocos2d\creator\BasketBall
2018-02-26T07:28:30.220Z - normal: Destination D:\yunpan\web\cocos2d\creator\BasketBall\build\web-mobile
2018-02-26T07:28:30.473Z - normal: Delete D:\yunpan\web\cocos2d\creator\BasketBall\build\web-mobile\**\*
2018-02-26T07:29:02.981Z - normal: Compiled project javascript file successfully
2018-02-26T07:29:02.982Z - normal: Start building assets
2018-02-26T07:29:02.983Z - normal: Start spawn build-worker
2018-02-26T07:29:03.488Z - normal: Finish spawn build-worker
2018-02-26T07:29:03.488Z - normal: Start init build-worker
2018-02-26T07:29:04.972Z - normal: 1.8.0
2018-02-26T07:29:04.989Z - normal: Log 2400, please go to https://github.com/cocos-creator/engine/blob/master/EngineErrorMap.md#2400 to see details. Arguments: 1282
2018-02-26T07:29:05.032Z - normal: Finish init build-worker
2018-02-26T07:29:05.032Z - normal: Start build-assets in worker
2018-02-26T07:29:05.438Z - normal: Finish build-assets in worker
2018-02-26T07:29:05.446Z - normal: Finish building assets
2018-02-26T07:29:05.475Z - normal: Start building raw assets
2018-02-26T07:29:05.476Z - normal: Start building plugin scripts
2018-02-26T07:29:05.524Z - normal: Finish building raw assets
2018-02-26T07:29:05.531Z - normal: Generating main.js from D:\CocosCreator\resources\static\build-templates\shares\main.js
2018-02-26T07:29:05.539Z - normal: Generating html from D:\CocosCreator\resources\static\build-templates\web-mobile\template\index.html
2018-02-26T07:29:05.548Z - normal: Built to "D:\yunpan\web\cocos2d\creator\BasketBall\build\web-mobile" successfully
2018-02-26T07:37:41.857Z - normal: Start building with options : {
  "androidStudio": true,
  "apiLevel": "",
  "appABIs": [],
  "appKey": "",
  "appSecret": "",
  "buildPath": "D:\\yunpan\\web\\cocos2d\\creator\\BasketBall\\build",
  "debug": false,
  "dest": "D:\\yunpan\\web\\cocos2d\\creator\\BasketBall\\build\\web-mobile",
  "encryptJs": true,
  "excludeScenes": [],
  "excludedModules": [],
  "includeAnySDK": false,
  "includeEruda": false,
  "includeSDKBox": false,
  "inlineSpriteFrames": true,
  "inlineSpriteFrames_native": true,
  "jailbreakPlatform": false,
  "md5Cache": false,
  "mergeStartScene": false,
  "oauthLoginServer": "",
  "optimizeHotUpdate": false,
  "orientation": {
    "landscapeLeft": true,
    "landscapeRight": true,
    "portrait": false,
    "upsideDown": false
  },
  "packageName": "org.cocos2d.BasketBall",
  "platform": "web-mobile",
  "previewHeight": "720",
  "previewWidth": "1280",
  "privateKey": "",
  "renderMode": "0",
  "scenes": [
    "757c858c-85bf-4500-ae11-0bb5bf5627a9",
    "bbb8e11b-4e63-45cb-bee5-9f41d96a1271",
    "5e1b4e41-b781-4d15-a42e-d54388230277"
  ],
  "sourceMaps": false,
  "startScene": "757c858c-85bf-4500-ae11-0bb5bf5627a9",
  "template": "link",
  "title": "BasketBall",
  "useDebugKeystore": true,
  "vsVersion": "auto",
  "webOrientation": "portrait",
  "wechatgame": {
    "appid": "",
    "orientation": "portrait"
  },
  "xxteaKey": "776e4cba-6e14-48",
  "project": "D:\\yunpan\\web\\cocos2d\\creator\\BasketBall",
  "projectName": "BasketBall",
  "debugBuildWorker": false
}
2018-02-26T07:37:41.859Z - normal: Building D:\yunpan\web\cocos2d\creator\BasketBall
2018-02-26T07:37:41.859Z - normal: Destination D:\yunpan\web\cocos2d\creator\BasketBall\build\web-mobile
2018-02-26T07:37:41.860Z - normal: Delete D:\yunpan\web\cocos2d\creator\BasketBall\build\web-mobile\**\*
2018-02-26T07:37:43.371Z - normal: Compiled project javascript file successfully
2018-02-26T07:37:43.371Z - normal: Start building assets
2018-02-26T07:37:43.371Z - normal: Start spawn build-worker
2018-02-26T07:37:43.891Z - normal: Finish spawn build-worker
2018-02-26T07:37:43.891Z - normal: Start init build-worker
2018-02-26T07:37:45.494Z - normal: 1.8.0
2018-02-26T07:37:45.514Z - normal: Log 2400, please go to https://github.com/cocos-creator/engine/blob/master/EngineErrorMap.md#2400 to see details. Arguments: 1282
2018-02-26T07:37:45.551Z - normal: Finish init build-worker
2018-02-26T07:37:45.551Z - normal: Start build-assets in worker
2018-02-26T07:37:45.915Z - normal: Finish build-assets in worker
2018-02-26T07:37:45.920Z - normal: Finish building assets
2018-02-26T07:37:45.943Z - normal: Start building raw assets
2018-02-26T07:37:45.944Z - normal: Start building plugin scripts
2018-02-26T07:37:45.982Z - normal: Finish building raw assets
2018-02-26T07:37:45.985Z - normal: Generating main.js from D:\CocosCreator\resources\static\build-templates\shares\main.js
2018-02-26T07:37:45.993Z - normal: Generating html from D:\CocosCreator\resources\static\build-templates\web-mobile\template\index.html
2018-02-26T07:37:45.999Z - normal: Built to "D:\yunpan\web\cocos2d\creator\BasketBall\build\web-mobile" successfully
2018-02-26T07:44:41.966Z - normal: Start building with options : {
  "androidStudio": true,
  "apiLevel": "",
  "appABIs": [],
  "appKey": "",
  "appSecret": "",
  "buildPath": "D:\\yunpan\\web\\cocos2d\\creator\\BasketBall\\build",
  "debug": false,
  "dest": "D:\\yunpan\\web\\cocos2d\\creator\\BasketBall\\build\\wechatgame",
  "encryptJs": true,
  "excludeScenes": [],
  "excludedModules": [],
  "includeAnySDK": false,
  "includeEruda": false,
  "includeSDKBox": false,
  "inlineSpriteFrames": true,
  "inlineSpriteFrames_native": true,
  "jailbreakPlatform": false,
  "md5Cache": false,
  "mergeStartScene": false,
  "oauthLoginServer": "",
  "optimizeHotUpdate": false,
  "orientation": {
    "landscapeLeft": true,
    "landscapeRight": true,
    "portrait": false,
    "upsideDown": false
  },
  "packageName": "org.cocos2d.BasketBall",
  "platform": "wechatgame",
  "previewHeight": "720",
  "previewWidth": "1280",
  "privateKey": "",
  "renderMode": "0",
  "scenes": [
    "757c858c-85bf-4500-ae11-0bb5bf5627a9",
    "bbb8e11b-4e63-45cb-bee5-9f41d96a1271",
    "5e1b4e41-b781-4d15-a42e-d54388230277"
  ],
  "sourceMaps": false,
  "startScene": "757c858c-85bf-4500-ae11-0bb5bf5627a9",
  "template": "link",
  "title": "BasketBall",
  "useDebugKeystore": true,
  "vsVersion": "auto",
  "webOrientation": "portrait",
  "wechatgame": {
    "appid": "",
    "orientation": "portrait"
  },
  "xxteaKey": "776e4cba-6e14-48",
  "project": "D:\\yunpan\\web\\cocos2d\\creator\\BasketBall",
  "projectName": "BasketBall",
  "debugBuildWorker": false
}
2018-02-26T07:44:41.968Z - normal: Building D:\yunpan\web\cocos2d\creator\BasketBall
2018-02-26T07:44:41.968Z - normal: Destination D:\yunpan\web\cocos2d\creator\BasketBall\build\wechatgame
2018-02-26T07:44:41.969Z - normal: Delete D:\yunpan\web\cocos2d\creator\BasketBall\build\wechatgame\**\*
2018-02-26T07:44:43.332Z - normal: Compiled project javascript file successfully
2018-02-26T07:44:43.332Z - normal: Start building assets
2018-02-26T07:44:43.332Z - normal: Start spawn build-worker
2018-02-26T07:44:43.808Z - normal: Finish spawn build-worker
2018-02-26T07:44:43.808Z - normal: Start init build-worker
2018-02-26T07:44:45.287Z - normal: 1.8.0
2018-02-26T07:44:45.307Z - normal: Log 2400, please go to https://github.com/cocos-creator/engine/blob/master/EngineErrorMap.md#2400 to see details. Arguments: 1282
2018-02-26T07:44:45.347Z - normal: Finish init build-worker
2018-02-26T07:44:45.347Z - normal: Start build-assets in worker
2018-02-26T07:44:45.755Z - normal: Finish build-assets in worker
2018-02-26T07:44:45.810Z - normal: Finish building assets
2018-02-26T07:44:45.839Z - normal: Start building raw assets
2018-02-26T07:44:45.840Z - normal: Start building plugin scripts
2018-02-26T07:44:45.889Z - normal: Finish building raw assets
2018-02-26T07:44:45.893Z - normal: Generating main.js from D:\CocosCreator\resources\static\build-templates\shares\main.js
2018-02-26T07:44:45.921Z - normal: Built to "D:\yunpan\web\cocos2d\creator\BasketBall\build\wechatgame" successfully
2018-02-26T07:50:26.819Z - info: shutdown preview server
